=== EMPLEADO LOGIN 2025-10-31 02:27:30 ===
POST: Array
(
    [id_Empleado] => 1011
    [cuil] => 27324601825
)

ID Empleado: '1011'
CUIL: '27324601825'
ID numérico: SÍ
CUIL normalizado: '27324601825'
CUIL formato válido: SÍ
Búsqueda BD: NO ENCONTRADO
LOGIN FALLIDO: Empleado no encontrado
=== EMPLEADO LOGIN 2025-10-31 02:27:36 ===
POST: Array
(
    [id_Empleado] => 1010
    [cuil] => 27-32460182-5
)

ID Empleado: '1010'
CUIL: '27-32460182-5'
ID numérico: SÍ
CUIL normalizado: '27-32460182-5'
CUIL formato válido: SÍ
Búsqueda BD: ENCONTRADO
Datos: Array
(
    [id_Usuario] => 1010
    [Nombre_Usuario] => Paquita
    [Apellido_Usuario] => Barrio
    [Correo_Usuario] => paqui@gmail.com
    [CUIL_Usuario] => 27-32460182-5
    [Telefono_Usuario] => 3704000000
    [Estado_Usuario] => Activo
    [Rol_Usuario] => Empleado
)

LOGIN EXITOSO: 2025-10-31 02:27:36
=== EMPLEADO LOGIN 2025-10-31 03:50:24 ===
POST: Array
(
    [id_Empleado] => 1010
    [cuil] => 27-32460182-5
)

ID Empleado: '1010'
CUIL: '27-32460182-5'
ID numérico: SÍ
CUIL normalizado: '27-32460182-5'
CUIL formato válido: SÍ
Búsqueda BD: ENCONTRADO
Datos: Array
(
    [id_Usuario] => 1010
    [Nombre_Usuario] => Paquita
    [Apellido_Usuario] => Barrio
    [Correo_Usuario] => paqui@gmail.com
    [CUIL_Usuario] => 27-32460182-5
    [Telefono_Usuario] => 3704000000
    [Estado_Usuario] => Activo
    [Rol_Usuario] => Empleado
)

LOGIN EXITOSO: 2025-10-31 03:50:24
=== EMPLEADO LOGIN 2025-10-31 15:45:45 ===
POST: Array
(
    [id_Empleado] => 1010
    [cuil] => 27-32460182-5
)

ID Empleado: '1010'
CUIL: '27-32460182-5'
ID numérico: SÍ
CUIL normalizado: '27-32460182-5'
CUIL formato válido: SÍ
Búsqueda BD: ENCONTRADO
Datos: Array
(
    [id_Usuario] => 1010
    [Nombre_Usuario] => Paquita
    [Apellido_Usuario] => Barrio
    [Correo_Usuario] => paqui@gmail.com
    [CUIL_Usuario] => 27-32460182-5
    [Telefono_Usuario] => 3704000000
    [Estado_Usuario] => Activo
    [Rol_Usuario] => Empleado
)

LOGIN EXITOSO: 2025-10-31 15:45:45
=== EMPLEADO LOGIN 2025-10-31 17:27:25 ===
POST: Array
(
    [id_Empleado] => 1010
    [cuil] => 27-32460182-5
)

ID Empleado: '1010'
CUIL: '27-32460182-5'
ID numérico: SÍ
CUIL normalizado: '27-32460182-5'
CUIL formato válido: SÍ
Búsqueda BD: ENCONTRADO
Datos: Array
(
    [id_Usuario] => 1010
    [Nombre_Usuario] => Paquita
    [Apellido_Usuario] => Barrio
    [Correo_Usuario] => paqui@gmail.com
    [CUIL_Usuario] => 27-32460182-5
    [Telefono_Usuario] => 3704000000
    [Estado_Usuario] => Activo
    [Rol_Usuario] => Empleado
)

LOGIN EXITOSO: 2025-10-31 17:27:25
=== EMPLEADO LOGIN 2025-10-31 20:11:49 ===
POST: Array
(
    [id_Empleado] => 1010
    [cuil] => 27-32460182-5
)

ID Empleado: '1010'
CUIL: '27-32460182-5'
ID numérico: SÍ
CUIL normalizado: '27-32460182-5'
CUIL formato válido: SÍ
Búsqueda BD: ENCONTRADO
Datos: Array
(
    [id_Usuario] => 1010
    [Nombre_Usuario] => Paquita
    [Apellido_Usuario] => Barrio
    [Correo_Usuario] => paqui@gmail.com
    [CUIL_Usuario] => 27-32460182-5
    [Telefono_Usuario] => 3704000000
    [Estado_Usuario] => Activo
    [Rol_Usuario] => Empleado
)

LOGIN EXITOSO: 2025-10-31 20:11:49
=== EMPLEADO LOGIN 2025-10-31 20:21:49 ===
POST: Array
(
    [id_Empleado] => 1010
    [cuil] => 27-32460182-5
)

ID Empleado: '1010'
CUIL: '27-32460182-5'
ID numérico: SÍ
CUIL normalizado: '27-32460182-5'
CUIL formato válido: SÍ
Búsqueda BD: ENCONTRADO
Datos: Array
(
    [id_Usuario] => 1010
    [Nombre_Usuario] => Paquita
    [Apellido_Usuario] => Barrio
    [Correo_Usuario] => paqui@gmail.com
    [CUIL_Usuario] => 27-32460182-5
    [Telefono_Usuario] => 3704000000
    [Estado_Usuario] => Activo
    [Rol_Usuario] => Empleado
)

LOGIN EXITOSO: 2025-10-31 20:21:49

=== EMPLEADO LOGIN 2025-10-31 20:40:11 ===
POST: Array
(
    [id_Empleado] => 1010
    [cuil] => 27-32460182-5
)

ID Empleado: '1010'
CUIL: '27-32460182-5'
ID numérico: SÍ
CUIL normalizado: '27-32460182-5'
CUIL formato válido: SÍ
Búsqueda BD: ENCONTRADO
Datos: Array
(
    [id_Usuario] => 1010
    [Nombre_Usuario] => Paquita
    [Apellido_Usuario] => Barrio
    [Correo_Usuario] => paqui@gmail.com
    [CUIL_Usuario] => 27-32460182-5
    [Telefono_Usuario] => 3704000000
    [Estado_Usuario] => Activo
    [Rol_Usuario] => Empleado
)

LOGIN EXITOSO: 2025-10-31 20:40:11
